[ 75%] Built target utils_lib
[35m[1mScanning dependencies of target stereo[0m
[ 83%] [32mBuilding CXX object CMakeFiles/stereo.dir/src/video.cpp.o[0m
[01m[K/home/ros/Documents/Masters_Jetson/ws/src/stereo/src/video.cpp:[m[K In function â€˜[01m[Kbool ArgusSamples::execute()[m[Kâ€™:
[01m[K/home/ros/Documents/Masters_Jetson/ws/src/stereo/src/video.cpp:262:60:[m[K [01;35m[Kwarning: [m[Kformat â€˜[01m[K%d[m[Kâ€™ expects argument of type â€˜[01m[Kint[m[Kâ€™, but argument 2 has type â€˜[01m[Kstd::vector<Argus::CameraDevice*>::size_type {aka long unsigned int}[m[Kâ€™ [[01;35m[K-Wformat=[m[K]
   printf("CAMERA DEVICES COUNT: %d\n", [32m[KcameraDevices.size()[m[K[01;35m[K)[m[K;
                                        [32m[K~~~~~~~~~~~~~~~~~~~~[m[K[01;35m[K^[m[K
[01m[K/home/ros/Documents/Masters_Jetson/ws/src/stereo/src/video.cpp:285:3:[m[K [01;31m[Kerror: [m[Kâ€˜[01m[Kclass Argus::ISensorMode[m[Kâ€™ has no member named â€˜[01m[KSTREAM_SIZE[m[Kâ€™
   [01;31m[KSTREAM_SIZE[m[K = iSensorMode->getResolution();
   [01;31m[K^~~~~~~~~~~[m[K
CMakeFiles/stereo.dir/build.make:224: recipe for target 'CMakeFiles/stereo.dir/src/video.cpp.o' failed
make[2]: *** [CMakeFiles/stereo.dir/src/video.cpp.o] Error 1
make[1]: *** [CMakeFiles/stereo.dir/all] Error 2
CMakeFiles/Makefile2:67: recipe for target 'CMakeFiles/stereo.dir/all' failed
Makefile:162: recipe for target 'all' failed
make: *** [all] Error 2
